build/app/outputs/mapping/release/usage.txt
com.example.calculator.R$mipmap
com.example.calculator.R$attr
com.example.calculator.R
com.example.calculator.R$style
com.example.calculator.R$styleable
com.example.calculator.R$integer
com.example.calculator.BuildConfig
com.example.calculator.R$drawable
com.example.calculator.R$color
com.example.calculator.R$layout
com.example.calculator.R$string
com.example.calculator.R$id
com.example.calculator.R$dimen
...
kotlin.ranges.URangesKt
androidx.annotation.IntDef
androidx.core.os.CancellationSignal$OnCancelListener
kotlin.ranges.LongRange
kotlin.annotation.AnnotationRetention
androidx.fragment.app.FragmentManagerImpl$1
androidx.loader.R$styleable
kotlin.sequences.SubSequence
androidx.core.view.KeyEventDispatcher
kotlin.collections.MapsKt
androidx.core.view.NestedScrollingChild3
io.flutter.BuildConfig
androidx.core.content.res.TypedArrayUtils
kotlin.NumbersKt__BigDecimalsKt
kotlin.collections.ArraysKt___ArraysKt
kotlin.UInt$Companion
kotlin.jvm.functions.Function3
androidx.fragment.app.FragmentContainer
androidx.fragment.app.FragmentTransitionImpl$2
android.support.v4.os.ResultReceiver
androidx.core.app.JobIntentService$JobWorkEnqueuer
androidx.arch.core.R
kotlin.coroutines.experimental.jvm.internal.CoroutineIntrinsics
androidx.core.graphics.drawable.RoundedBitmapDrawableFactory
androidx.core.content.pm.ShortcutManagerCompat
androidx.lifecycle.LifecycleRegistry:
    private androidx.lifecycle.Lifecycle$State calculateTargetState(androidx.lifecycle.LifecycleObserver)
    public void markState(androidx.lifecycle.Lifecycle$State)
    public void setCurrentState(androidx.lifecycle.Lifecycle$State)
    public void addObserver(androidx.lifecycle.LifecycleObserver)
    public int getObserverCount()
io.flutter.embedding.engine.systemchannels.KeyEventChannel$FlutterKeyEvent:
    public void <init>(android.view.KeyEvent)
androidx.fragment.app.FragmentManagerImpl$OpGenerator
kotlin.reflect.KMutableProperty1$Setter
androidx.core.widget.ScrollerCompat
kotlin.coroutines.experimental.migration.ExperimentalSuspendFunction0Migration
androidx.fragment.app.FragmentHostCallback
androidx.core.provider.FontsContractCompat$4$7
kotlin.text.MatchResult$Destructured
androidx.fragment.app.FragmentTransaction
androidx.core.app.AppComponentFactory
androidx.core.view.TintableBackgroundView
kotlin.sequences.FilteringSequence
androidx.core.app.NotificationCompatExtras
kotlin.collections.CollectionsKt__IterablesKt$Iterable$1
androidx.core.app.ActivityCompat$RequestPermissionsRequestCodeValidator
androidx.lifecycle.ViewModelProvider$Factory
androidx.core.R$attr
androidx.annotation.ColorRes
androidx.core.content.res.GrowingArrayUtils
kotlin.contracts.InvocationKind
kotlin.jvm.internal.ArrayIterator
io.flutter.embedding.engine.FlutterEngineConnectionRegistry$FlutterEngineActivityPluginBinding:
    public android.app.Activity getActivity()
    public java.lang.Object getLifecycle()
    public void addRequestPermissionsResultListener(io.flutter.plugin.common.PluginRegistry$RequestPermissionsResultListener)
    public void removeRequestPermissionsResultListener(io.flutter.plugin.common.PluginRegistry$RequestPermissionsResultListener)
    public void addActivityResultListener(io.flutter.plugin.common.PluginRegistry$ActivityResultListener)
    public void removeActivityResultListener(io.flutter.plugin.common.PluginRegistry$ActivityResultListener)
    public void addOnNewIntentListener(io.flutter.plugin.common.PluginRegistry$NewIntentListener)
    public void removeOnNewIntentListener(io.flutter.plugin.common.PluginRegistry$NewIntentListener)
    public void addOnUserLeaveHintListener(io.flutter.plugin.common.PluginRegistry$UserLeaveHintListener)
    public void removeOnUserLeaveHintListener(io.flutter.plugin.common.PluginRegistry$UserLeaveHintListener)
    public void addOnSaveStateListener(io.flutter.embedding.engine.plugins.activity.ActivityPluginBinding$OnSaveInstanceStateListener)
    public void removeOnSaveStateListener(io.flutter.embedding.engine.plugins.activity.ActivityPluginBinding$OnSaveInstanceStateListener)
kotlin.io.CloseableKt
androidx.annotation.IdRes
kotlin.jvm.functions.Function10
androidx.customview.widget.FocusStrategy$SequentialComparator
io.flutter.view.FlutterView$3
androidx.core.view.accessibility.AccessibilityNodeProviderCompat$AccessibilityNodeProviderApi19
kotlin.time.MeasureTimeKt
kotlin.collections.CollectionsKt___CollectionsKt$elementAt$1